Using pre-set license
Built from '2020.2/staging' branch; Version is '2020.2.0b8 (dff91d65251a) revision 14678301'; Using compiler version '192528614'; Build Type 'Release'
OS: 'Windows 10  (10.0.0) 64bit' Language: 'en' Physical Memory: 8009 MB
BatchMode: 1, IsHumanControllingUs: 0, StartBugReporterOnCrash: 0, Is64bit: 1, IsPro: 0

 COMMAND LINE ARGUMENTS:
C:\Program Files\Unity\Hub\Editor\2020.2.0b8\Editor\Unity.exe
-adb2
-batchMode
-noUpm
-name
AssetImportWorker0
-projectPath
C:/Users/histo/Documents/GitHub/ozzysQuestArcade
-logFile
Logs/AssetImportWorker0.log
-srvPort
58552
Successfully changed project path to: C:/Users/histo/Documents/GitHub/ozzysQuestArcade
C:/Users/histo/Documents/GitHub/ozzysQuestArcade
Using Asset Import Pipeline V2.
Refreshing native plugins compatible for Editor in 185.55 ms, found 0 plugins.
Preloading 0 native plugins for Editor in 0.00 ms.
Initialize engine version: 2020.2.0b8 (dff91d65251a)
[Subsystems] Discovering subsystems at path C:/Program Files/Unity/Hub/Editor/2020.2.0b8/Editor/Data/Resources/UnitySubsystems
[Subsystems] Discovering subsystems at path C:/Users/histo/Documents/GitHub/ozzysQuestArcade/Assets
GfxDevice: creating device client; threaded=0
Direct3D:
    Version:  Direct3D 11.0 [level 11.1]
    Renderer: AMD Radeon R7 M440 (ID=0x6900)
    Vendor:   
    VRAM:     4086 MB
    Driver:   27.20.1034.6
Initialize mono
Mono path[0] = 'C:/Program Files/Unity/Hub/Editor/2020.2.0b8/Editor/Data/Managed'
Mono path[1] = 'C:/Program Files/Unity/Hub/Editor/2020.2.0b8/Editor/Data/MonoBleedingEdge/lib/mono/unityjit'
Mono config path = 'C:/Program Files/Unity/Hub/Editor/2020.2.0b8/Editor/Data/MonoBleedingEdge/etc'
Using monoOptions --debugger-agent=transport=dt_socket,embedding=1,server=y,suspend=n,address=127.0.0.1:56240
Begin MonoManager ReloadAssembly
Registering precompiled unity dll's ...
Register platform support module: C:/Program Files/Unity/Hub/Editor/2020.2.0b8/Editor/Data/PlaybackEngines/WindowsStandaloneSupport/UnityEditor.WindowsStandalone.Extensions.dll
Registered in 0.006803 seconds.
Native extension for WindowsStandalone target not found
Refreshing native plugins compatible for Editor in 103.15 ms, found 0 plugins.
Preloading 0 native plugins for Editor in 0.00 ms.
Invoked RoslynAnalysisRunner static constructor.
RoslynAnalysisRunner will not be running.
RoslynAnalysisRunner has terminated.
Mono: successfully reloaded assembly
- Completed reload, in  3.608 seconds
Platform modules already initialized, skipping
Registering precompiled user dll's ...
Registered in 0.002052 seconds.
Begin MonoManager ReloadAssembly
Symbol file LoadedFromMemory doesn't match image C:\Users\histo\Documents\GitHub\ozzysQuestArcade\Library\PackageCache\com.unity.ext.nunit@1.0.0\net35\unity-custom\nunit.framework.dll
Native extension for WindowsStandalone target not found
Refreshing native plugins compatible for Editor in 0.60 ms, found 0 plugins.
Preloading 0 native plugins for Editor in 0.00 ms.
Invoked RoslynAnalysisRunner static constructor.
RoslynAnalysisRunner will not be running.
RoslynAnalysisRunner has terminated.
Mono: successfully reloaded assembly
- Completed reload, in  3.216 seconds
Platform modules already initialized, skipping
========================================================================
Worker process is ready to serve import requests
Launched and connected shader compiler UnityShaderCompiler.exe after 0.38 seconds
Refreshing native plugins compatible for Editor in 0.47 ms, found 0 plugins.
Preloading 0 native plugins for Editor in 0.00 ms.
Unloading 1144 Unused Serialized files (Serialized files now loaded: 0)
System memory in use before: 58.9 MB.
System memory in use after: 58.9 MB.

Unloading 13 unused Assets to reduce memory usage. Loaded Objects now: 1585.
Total: 6.973200 ms (FindLiveObjects: 1.633100 ms CreateObjectMapping: 0.285600 ms MarkObjects: 4.897800 ms  DeleteObjects: 0.153100 ms)

========================================================================
Received Import Request.
  path: Assets/Scenes
  artifactKey: Guid(8707ba8d18aa5c14daa27cdd5db35609) Importer(815301076,1909f56bfc062723c751e8b465ee728b)
Start importing Assets/Scenes using Guid(8707ba8d18aa5c14daa27cdd5db35609) Importer(815301076,1909f56bfc062723c751e8b465ee728b)  -> (artifact id: 'f9be05fd3d49716753c3f633f151ba43') in 0.051899 seconds
  Import took 0.059493 seconds .

========================================================================
Received Import Request.
  Time since last request: 0.000620 seconds.
  path: Assets/Monster Purple - 1.png
  artifactKey: Guid(cfcc44c16d0e7724d989780c400b8670) Importer(815301076,1909f56bfc062723c751e8b465ee728b)
Start importing Assets/Monster Purple - 1.png using Guid(cfcc44c16d0e7724d989780c400b8670) Importer(815301076,1909f56bfc062723c751e8b465ee728b)  -> (artifact id: '3232bb711d9bf5898f8673183cb43464') in 0.938412 seconds
  Import took 0.947969 seconds .

========================================================================
Received Import Request.
  Time since last request: 0.000875 seconds.
  path: Assets/Ozzy Big - Walk 3.png
  artifactKey: Guid(5b9ba3ace0e28014f9250a322b49879b) Importer(815301076,1909f56bfc062723c751e8b465ee728b)
Start importing Assets/Ozzy Big - Walk 3.png using Guid(5b9ba3ace0e28014f9250a322b49879b) Importer(815301076,1909f56bfc062723c751e8b465ee728b)  -> (artifact id: '8cd818471a2ae88eb811d7b02abe0b8c') in 0.129511 seconds
  Import took 0.146722 seconds .

========================================================================
Received Import Request.
  Time since last request: 0.000701 seconds.
  path: Assets/Ozzy Big - Walk 1.png
  artifactKey: Guid(acab69a2779d85b409bb241d9dd9fbb3) Importer(815301076,1909f56bfc062723c751e8b465ee728b)
Start importing Assets/Ozzy Big - Walk 1.png using Guid(acab69a2779d85b409bb241d9dd9fbb3) Importer(815301076,1909f56bfc062723c751e8b465ee728b)  -> (artifact id: 'f6be6117ee3738dd1e6ac72f7d67fd60') in 0.248658 seconds
  Import took 0.258735 seconds .

========================================================================
Received Import Request.
  Time since last request: 0.000662 seconds.
  path: Assets/Monster Fish 2.png
  artifactKey: Guid(830003a21616360438bd1b4ca5455d1e) Importer(815301076,1909f56bfc062723c751e8b465ee728b)
Start importing Assets/Monster Fish 2.png using Guid(830003a21616360438bd1b4ca5455d1e) Importer(815301076,1909f56bfc062723c751e8b465ee728b)  -> (artifact id: '3e6accb213327d68256328f5fc1f8b4c') in 0.214903 seconds
  Import took 0.231478 seconds .

========================================================================
Received Import Request.
  Time since last request: 0.000703 seconds.
  path: Assets/Brick.png
  artifactKey: Guid(d8bfdeb7fe64ae94e924d7546e340c83) Importer(815301076,1909f56bfc062723c751e8b465ee728b)
Start importing Assets/Brick.png using Guid(d8bfdeb7fe64ae94e924d7546e340c83) Importer(815301076,1909f56bfc062723c751e8b465ee728b)  -> (artifact id: 'b59b340571a84799db90161d49094a8f') in 0.410317 seconds
  Import took 0.426583 seconds .

========================================================================
Received Import Request.
  Time since last request: 0.001037 seconds.
  path: Assets/Monster Purple - Flat.png
  artifactKey: Guid(5136e6d13cd0fa544992d85bf872b51a) Importer(815301076,1909f56bfc062723c751e8b465ee728b)
Start importing Assets/Monster Purple - Flat.png using Guid(5136e6d13cd0fa544992d85bf872b51a) Importer(815301076,1909f56bfc062723c751e8b465ee728b)  -> (artifact id: 'fc0821cab430a427bad4a769e62c7075') in 0.081552 seconds
  Import took 0.091439 seconds .

========================================================================
Received Import Request.
  Time since last request: 0.000658 seconds.
  path: Assets/Ozzy Snow - Jump.png
  artifactKey: Guid(efa54dfd8f2a6c349ae5323064dfd66b) Importer(815301076,1909f56bfc062723c751e8b465ee728b)
Start importing Assets/Ozzy Snow - Jump.png using Guid(efa54dfd8f2a6c349ae5323064dfd66b) Importer(815301076,1909f56bfc062723c751e8b465ee728b)  -> (artifact id: '8241612d3b2dae900376ac25681b4e4f') in 0.086425 seconds
  Import took 0.091836 seconds .

========================================================================
Received Import Request.
  Time since last request: 0.000251 seconds.
  path: Assets/Ozzy Big - Squatting.png
  artifactKey: Guid(79521cb8c04705249801256cf781480d) Importer(815301076,1909f56bfc062723c751e8b465ee728b)
Start importing Assets/Ozzy Big - Squatting.png using Guid(79521cb8c04705249801256cf781480d) Importer(815301076,1909f56bfc062723c751e8b465ee728b)  -> (artifact id: 'd981268bb600b4c781c63341d45381c0') in 0.188935 seconds
  Import took 0.197024 seconds .

========================================================================
Received Import Request.
  Time since last request: 0.000692 seconds.
  path: Assets/Ozzy Small - Dies.png
  artifactKey: Guid(e6e944f2ea328d44db23cfd7d6037825) Importer(815301076,1909f56bfc062723c751e8b465ee728b)
Start importing Assets/Ozzy Small - Dies.png using Guid(e6e944f2ea328d44db23cfd7d6037825) Importer(815301076,1909f56bfc062723c751e8b465ee728b)  -> (artifact id: 'fef7ca517b49b41168457e6805d537e5') in 0.170865 seconds
  Import took 0.179675 seconds .

========================================================================
Received Import Request.
  Time since last request: 0.000687 seconds.
  path: Assets/Box - 1 copy.png
  artifactKey: Guid(a373a7bb6a8304346a8544ffce16f10d) Importer(815301076,1909f56bfc062723c751e8b465ee728b)
Start importing Assets/Box - 1 copy.png using Guid(a373a7bb6a8304346a8544ffce16f10d) Importer(815301076,1909f56bfc062723c751e8b465ee728b)  -> (artifact id: '744bcf6945b86944404fbc9dc621e655') in 0.219679 seconds
  Import took 0.233543 seconds .

========================================================================
Received Import Request.
  Time since last request: 0.000847 seconds.
  path: Assets/Box - 2 copy.png
  artifactKey: Guid(dbff5ba4813ab0441b75394d347a0e9b) Importer(815301076,1909f56bfc062723c751e8b465ee728b)
Start importing Assets/Box - 2 copy.png using Guid(dbff5ba4813ab0441b75394d347a0e9b) Importer(815301076,1909f56bfc062723c751e8b465ee728b)  -> (artifact id: 'bcf69c714603b846eb53c6ec8e4f18e1') in 0.148379 seconds
  Import took 0.165066 seconds .

========================================================================
Received Import Request.
  Time since last request: 0.000740 seconds.
  path: Assets/Ground 1 Tile.png
  artifactKey: Guid(80f69217c7927da449705065945907ab) Importer(815301076,1909f56bfc062723c751e8b465ee728b)
Start importing Assets/Ground 1 Tile.png using Guid(80f69217c7927da449705065945907ab) Importer(815301076,1909f56bfc062723c751e8b465ee728b)  -> (artifact id: '05ce2dfee2a5fc517c4bc3913ac51115') in 0.179657 seconds
  Import took 0.190712 seconds .

========================================================================
Received Import Request.
  Time since last request: 0.000617 seconds.
  path: Assets/Monster Snail - 1.png
  artifactKey: Guid(78d042bd65d3a7246b5a68f3f0181e50) Importer(815301076,1909f56bfc062723c751e8b465ee728b)
Start importing Assets/Monster Snail - 1.png using Guid(78d042bd65d3a7246b5a68f3f0181e50) Importer(815301076,1909f56bfc062723c751e8b465ee728b)  -> (artifact id: '8d4c2d262fc2e833cbab0ba58adcc000') in 0.876955 seconds
  Import took 0.883014 seconds .

========================================================================
Received Import Request.
  Time since last request: 0.000720 seconds.
  path: Assets/Monster Snail - 2.png
  artifactKey: Guid(5ee26387ae9d8ec478c8218f36881186) Importer(815301076,1909f56bfc062723c751e8b465ee728b)
Start importing Assets/Monster Snail - 2.png using Guid(5ee26387ae9d8ec478c8218f36881186) Importer(815301076,1909f56bfc062723c751e8b465ee728b)  -> (artifact id: 'b4eda770ff1de172e509428455690db0') in 0.167807 seconds
  Import took 0.185027 seconds .

========================================================================
Received Import Request.
  Time since last request: 0.001025 seconds.
  path: Assets/Ozzy Snow - Front.png
  artifactKey: Guid(52768b6a5ca353744bd508ab0d8cae8c) Importer(815301076,1909f56bfc062723c751e8b465ee728b)
Start importing Assets/Ozzy Snow - Front.png using Guid(52768b6a5ca353744bd508ab0d8cae8c) Importer(815301076,1909f56bfc062723c751e8b465ee728b)  -> (artifact id: '4ceb87964c292cea071fbc4cdc4278fb') in 0.210131 seconds
  Import took 0.222790 seconds .

========================================================================
Received Import Request.
  Time since last request: 0.002014 seconds.
  path: Assets/Monster Snail - Flat.png
  artifactKey: Guid(a75228d06d5ece54b98f3db8a778a36b) Importer(815301076,1909f56bfc062723c751e8b465ee728b)
Start importing Assets/Monster Snail - Flat.png using Guid(a75228d06d5ece54b98f3db8a778a36b) Importer(815301076,1909f56bfc062723c751e8b465ee728b)  -> (artifact id: '704a065c2c18026597022dde6ec14508') in 0.339253 seconds
  Import took 0.347291 seconds .

========================================================================
Received Import Request.
  Time since last request: 0.000603 seconds.
  path: Assets/Ozzy Big - Swimming 1.png
  artifactKey: Guid(8eb5759d10fa5bf4da7620e10e988089) Importer(815301076,1909f56bfc062723c751e8b465ee728b)
Start importing Assets/Ozzy Big - Swimming 1.png using Guid(8eb5759d10fa5bf4da7620e10e988089) Importer(815301076,1909f56bfc062723c751e8b465ee728b)  -> (artifact id: '4d9f3c9dcea9d927479edd6ae9b74d78') in 0.284938 seconds
  Import took 0.296243 seconds .

========================================================================
Received Import Request.
  Time since last request: 0.001357 seconds.
  path: Assets/Monster Orange - 1.png
  artifactKey: Guid(bcd5e2f5718eef043af3a0d3bd8d02b6) Importer(815301076,1909f56bfc062723c751e8b465ee728b)
Start importing Assets/Monster Orange - 1.png using Guid(bcd5e2f5718eef043af3a0d3bd8d02b6) Importer(815301076,1909f56bfc062723c751e8b465ee728b)  -> (artifact id: 'fcd5b03dade62c7f6198c156df9d4c13') in 0.178588 seconds
  Import took 0.187239 seconds .

========================================================================
Received Import Request.
  Time since last request: 0.000524 seconds.
  path: Assets/Monster Blue - 2.png
  artifactKey: Guid(c44306757eefa3a4b964d8e0251c6501) Importer(815301076,1909f56bfc062723c751e8b465ee728b)
Start importing Assets/Monster Blue - 2.png using Guid(c44306757eefa3a4b964d8e0251c6501) Importer(815301076,1909f56bfc062723c751e8b465ee728b)  -> (artifact id: '2baf2e06bd2d969581b60c6bcf2891f6') in 0.098232 seconds
  Import took 0.107715 seconds .

========================================================================
Received Import Request.
  Time since last request: 0.000633 seconds.
  path: Assets/Ozzy Snow - Squatting.png
  artifactKey: Guid(75ba3249b8e8ab5418011861bacda9af) Importer(815301076,1909f56bfc062723c751e8b465ee728b)
Start importing Assets/Ozzy Snow - Squatting.png using Guid(75ba3249b8e8ab5418011861bacda9af) Importer(815301076,1909f56bfc062723c751e8b465ee728b)  -> (artifact id: '29d4d6b10f855474d4b58be9b4f1a0e1') in 0.116875 seconds
  Import took 0.129581 seconds .

========================================================================
Received Import Request.
  Time since last request: 0.000579 seconds.
  path: Assets/Monster Yellow - 2.png
  artifactKey: Guid(78cf862f0bce2d944bfea318cc22bd09) Importer(815301076,1909f56bfc062723c751e8b465ee728b)
Start importing Assets/Monster Yellow - 2.png using Guid(78cf862f0bce2d944bfea318cc22bd09) Importer(815301076,1909f56bfc062723c751e8b465ee728b)  -> (artifact id: 'd5fd23a7d57ef682f29fb3ee98953881') in 0.144664 seconds
  Import took 0.150616 seconds .

========================================================================
Received Import Request.
  Time since last request: 0.000744 seconds.
  path: Assets/Monster Blue - Flat.png
  artifactKey: Guid(64904a81027411f42a9217ec9082240a) Importer(815301076,1909f56bfc062723c751e8b465ee728b)
Start importing Assets/Monster Blue - Flat.png using Guid(64904a81027411f42a9217ec9082240a) Importer(815301076,1909f56bfc062723c751e8b465ee728b)  -> (artifact id: '98d798341e6285228825074c03dbc490') in 0.214957 seconds
  Import took 0.226658 seconds .

========================================================================
Received Import Request.
  Time since last request: 0.000627 seconds.
  path: Assets/Ozzy Big - Jump.png
  artifactKey: Guid(c3245133bb0e1de4d83bf789e0969940) Importer(815301076,1909f56bfc062723c751e8b465ee728b)
Start importing Assets/Ozzy Big - Jump.png using Guid(c3245133bb0e1de4d83bf789e0969940) Importer(815301076,1909f56bfc062723c751e8b465ee728b)  -> (artifact id: 'c20330d3a515e421837db1623c70b6d1') in 0.120076 seconds
  Import took 0.131711 seconds .

========================================================================
Received Import Request.
  Time since last request: 0.000806 seconds.
  path: Assets/Box - 3 copy.png
  artifactKey: Guid(8119381155406bc4c8779988befd9900) Importer(815301076,1909f56bfc062723c751e8b465ee728b)
Start importing Assets/Box - 3 copy.png using Guid(8119381155406bc4c8779988befd9900) Importer(815301076,1909f56bfc062723c751e8b465ee728b)  -> (artifact id: '5d458ef3c3804a7814c2e1f3798ac91c') in 0.369335 seconds
  Import took 0.380270 seconds .

========================================================================
Received Import Request.
  Time since last request: 0.000948 seconds.
  path: Assets/Ozzy Snow - Walk 2.png
  artifactKey: Guid(087c710d730d7734fa9577513c4b6f5d) Importer(815301076,1909f56bfc062723c751e8b465ee728b)
Start importing Assets/Ozzy Snow - Walk 2.png using Guid(087c710d730d7734fa9577513c4b6f5d) Importer(815301076,1909f56bfc062723c751e8b465ee728b)  -> (artifact id: '60567e901c8c18edc60d0669c5153dfa') in 0.184087 seconds
  Import took 0.204235 seconds .

========================================================================
Received Import Request.
  Time since last request: 0.000838 seconds.
  path: Assets/Ozzy Big - Skid.png
  artifactKey: Guid(9302cf2fac31f8b4bb859546f4499966) Importer(815301076,1909f56bfc062723c751e8b465ee728b)
Start importing Assets/Ozzy Big - Skid.png using Guid(9302cf2fac31f8b4bb859546f4499966) Importer(815301076,1909f56bfc062723c751e8b465ee728b)  -> (artifact id: 'bd47c724aec61e4bb867ba8a7c100f52') in 0.223840 seconds
  Import took 0.229776 seconds .

========================================================================
Received Import Request.
  Time since last request: 0.000673 seconds.
  path: Assets/Monster Yellow - 1.png
  artifactKey: Guid(8d0f9877cb60d074ab48efb3357a53a7) Importer(815301076,1909f56bfc062723c751e8b465ee728b)
Start importing Assets/Monster Yellow - 1.png using Guid(8d0f9877cb60d074ab48efb3357a53a7) Importer(815301076,1909f56bfc062723c751e8b465ee728b)  -> (artifact id: '3c8a56712ec15d098b3dac3c69908edb') in 0.132912 seconds
  Import took 0.140936 seconds .

========================================================================
Received Import Request.
  Time since last request: 0.000132 seconds.
  path: Assets/Ozzy Snow - Skid.png
  artifactKey: Guid(47acbdf17b36fef438695f47c3ca05de) Importer(815301076,1909f56bfc062723c751e8b465ee728b)
Start importing Assets/Ozzy Snow - Skid.png using Guid(47acbdf17b36fef438695f47c3ca05de) Importer(815301076,1909f56bfc062723c751e8b465ee728b)  -> (artifact id: '2d1359658ed808c13a72a7fdedd94c03') in 0.248285 seconds
  Import took 0.259905 seconds .

========================================================================
Received Import Request.
  Time since last request: 0.002321 seconds.
  path: Assets/Ozzy Big - Swimming 3.png
  artifactKey: Guid(6e6081716d972fd44906baed422e4b8d) Importer(815301076,1909f56bfc062723c751e8b465ee728b)
Start importing Assets/Ozzy Big - Swimming 3.png using Guid(6e6081716d972fd44906baed422e4b8d) Importer(815301076,1909f56bfc062723c751e8b465ee728b)  -> (artifact id: '46834a9ae69fb605462c5b59edd3619d') in 0.109849 seconds
  Import took 0.115626 seconds .

========================================================================
Received Import Request.
  Time since last request: 0.001553 seconds.
  path: Assets/Ozzy Snow - Walk 1.png
  artifactKey: Guid(5baa56bf3e582da40a197ba29406a8a4) Importer(815301076,1909f56bfc062723c751e8b465ee728b)
Start importing Assets/Ozzy Snow - Walk 1.png using Guid(5baa56bf3e582da40a197ba29406a8a4) Importer(815301076,1909f56bfc062723c751e8b465ee728b)  -> (artifact id: '7d82eb03506fc6b2e7dec18dad73daaf') in 0.100200 seconds
  Import took 0.105804 seconds .

========================================================================
Received Import Request.
  Time since last request: 0.000576 seconds.
  path: Assets/Monster Yellow - Flat.png
  artifactKey: Guid(cdadb87d53b7bc143b363568892cd446) Importer(815301076,1909f56bfc062723c751e8b465ee728b)
Start importing Assets/Monster Yellow - Flat.png using Guid(cdadb87d53b7bc143b363568892cd446) Importer(815301076,1909f56bfc062723c751e8b465ee728b)  -> (artifact id: '108b90bcd5abbfac5036ef42ef45163f') in 0.107253 seconds
  Import took 0.111852 seconds .

========================================================================
Received Import Request.
  Time since last request: 0.000570 seconds.
  path: Assets/download.png
  artifactKey: Guid(5afd89db5e771f24bae3b64c5f5a410b) Importer(815301076,1909f56bfc062723c751e8b465ee728b)
Start importing Assets/download.png using Guid(5afd89db5e771f24bae3b64c5f5a410b) Importer(815301076,1909f56bfc062723c751e8b465ee728b)  -> (artifact id: '32afbdaee23c42ca468e6422de73e1ed') in 0.183346 seconds
  Import took 0.191136 seconds .

========================================================================
Received Import Request.
  Time since last request: 0.000659 seconds.
  path: Assets/Monster Blue - 1.png
  artifactKey: Guid(ad39148ccfe02e04782ef0b63e7297f5) Importer(815301076,1909f56bfc062723c751e8b465ee728b)
Start importing Assets/Monster Blue - 1.png using Guid(ad39148ccfe02e04782ef0b63e7297f5) Importer(815301076,1909f56bfc062723c751e8b465ee728b)  -> (artifact id: '5fb0eba9d737273066b596d777087d60') in 0.098433 seconds
  Import took 0.113053 seconds .

========================================================================
Received Import Request.
  Time since last request: 0.000578 seconds.
  path: Assets/Monster Orange - 2.png
  artifactKey: Guid(8bbb9e14971e7804a9c2830d240d6570) Importer(815301076,1909f56bfc062723c751e8b465ee728b)
Start importing Assets/Monster Orange - 2.png using Guid(8bbb9e14971e7804a9c2830d240d6570) Importer(815301076,1909f56bfc062723c751e8b465ee728b)  -> (artifact id: '19b35e5427fa35a7c2555b4ae746a071') in 0.094935 seconds
  Import took 0.101080 seconds .

========================================================================
Received Import Request.
  Time since last request: 0.000609 seconds.
  path: Assets/Ozzy Big - Walk 2.png
  artifactKey: Guid(45bc9101b2aef6440be96757e6846ec9) Importer(815301076,1909f56bfc062723c751e8b465ee728b)
Start importing Assets/Ozzy Big - Walk 2.png using Guid(45bc9101b2aef6440be96757e6846ec9) Importer(815301076,1909f56bfc062723c751e8b465ee728b)  -> (artifact id: 'ed7152781a3a700394bd1013e2a827b3') in 0.096686 seconds
  Import took 0.104701 seconds .

========================================================================
Received Import Request.
  Time since last request: 0.000683 seconds.
  path: Assets/Monster Purple - 2.png
  artifactKey: Guid(77ad53ab120bdd34fa16a5cab6a4f95c) Importer(815301076,1909f56bfc062723c751e8b465ee728b)
Start importing Assets/Monster Purple - 2.png using Guid(77ad53ab120bdd34fa16a5cab6a4f95c) Importer(815301076,1909f56bfc062723c751e8b465ee728b)  -> (artifact id: '95df3c270e9e5c42813254da1dc18c8d') in 0.103245 seconds
  Import took 0.109669 seconds .

========================================================================
Received Import Request.
  Time since last request: 0.000595 seconds.
  path: Assets/Mushroom - 1UP.png
  artifactKey: Guid(62abc7e7785abb9448a69ecfb7fe58a5) Importer(815301076,1909f56bfc062723c751e8b465ee728b)
Start importing Assets/Mushroom - 1UP.png using Guid(62abc7e7785abb9448a69ecfb7fe58a5) Importer(815301076,1909f56bfc062723c751e8b465ee728b)  -> (artifact id: 'f60668fe4299f6b9fdece43d8c497730') in 0.137643 seconds
  Import took 0.146763 seconds .

========================================================================
Received Import Request.
  Time since last request: 0.000899 seconds.
  path: Assets/Monster Fish 1.png
  artifactKey: Guid(2f7ec516c1a264d49a173bf79a254a79) Importer(815301076,1909f56bfc062723c751e8b465ee728b)
Start importing Assets/Monster Fish 1.png using Guid(2f7ec516c1a264d49a173bf79a254a79) Importer(815301076,1909f56bfc062723c751e8b465ee728b)  -> (artifact id: 'be69ce86113fec323f71fcdfaf4e9fe2') in 0.121555 seconds
  Import took 0.131664 seconds .

========================================================================
Received Import Request.
  Time since last request: 0.000516 seconds.
  path: Assets/Monster Orange - Flat.png
  artifactKey: Guid(ced0920503ac2db428b510ab3365bd59) Importer(815301076,1909f56bfc062723c751e8b465ee728b)
Start importing Assets/Monster Orange - Flat.png using Guid(ced0920503ac2db428b510ab3365bd59) Importer(815301076,1909f56bfc062723c751e8b465ee728b)  -> (artifact id: '1ba89c3d75eba62eca2a76b5ae0758cf') in 0.145186 seconds
  Import took 0.150904 seconds .

========================================================================
Received Import Request.
  Time since last request: 0.006072 seconds.
  path: Assets/Ozzy Big - Swimming 2.png
  artifactKey: Guid(9270f4160cadd4e4283c840c95fd0266) Importer(815301076,1909f56bfc062723c751e8b465ee728b)
Start importing Assets/Ozzy Big - Swimming 2.png using Guid(9270f4160cadd4e4283c840c95fd0266) Importer(815301076,1909f56bfc062723c751e8b465ee728b)  -> (artifact id: '28d0e0b8d83e3293a95621b96690ee21') in 0.218174 seconds
  Import took 0.325294 seconds .

========================================================================
Received Import Request.
  Time since last request: 0.005708 seconds.
  path: Assets/Ozzy Big - Front.png
  artifactKey: Guid(59e3ca3def15b6c4c9d282372d0e8595) Importer(815301076,1909f56bfc062723c751e8b465ee728b)
Start importing Assets/Ozzy Big - Front.png using Guid(59e3ca3def15b6c4c9d282372d0e8595) Importer(815301076,1909f56bfc062723c751e8b465ee728b)  -> (artifact id: '184ec2f46d54c5b1799015a6a7b88fce') in 0.294094 seconds
  Import took 0.340389 seconds .

========================================================================
Received Import Request.
  Time since last request: 0.001228 seconds.
  path: Assets/Ozzy Snow - Walk 3.png
  artifactKey: Guid(f5642f993d4f8c04297a97c36bbe3293) Importer(815301076,1909f56bfc062723c751e8b465ee728b)
Start importing Assets/Ozzy Snow - Walk 3.png using Guid(f5642f993d4f8c04297a97c36bbe3293) Importer(815301076,1909f56bfc062723c751e8b465ee728b)  -> (artifact id: '6a5c8dea8c488569315773f029e25fd2') in 0.177038 seconds
  Import took 0.190642 seconds .

========================================================================
Received Import Request.
  Time since last request: 0.009984 seconds.
  path: Assets/Ozzy Snow - Walk 3.png
  artifactKey: Guid(f5642f993d4f8c04297a97c36bbe3293) Importer(815301076,1909f56bfc062723c751e8b465ee728b)
Start importing Assets/Ozzy Snow - Walk 3.png using Guid(f5642f993d4f8c04297a97c36bbe3293) Importer(815301076,1909f56bfc062723c751e8b465ee728b)  -> (artifact id: '6a5c8dea8c488569315773f029e25fd2') in 0.069491 seconds
  Import took 0.083496 seconds .

========================================================================
Received Import Request.
  Time since last request: 182.372313 seconds.
  path: Assets/Scenes/SampleScene.unity
  artifactKey: Guid(2cda990e2423bbf4892e6590ba056729) Importer(815301076,1909f56bfc062723c751e8b465ee728b)
Start importing Assets/Scenes/SampleScene.unity using Guid(2cda990e2423bbf4892e6590ba056729) Importer(815301076,1909f56bfc062723c751e8b465ee728b)  -> (artifact id: '43a44ae5ec76ca9a44517293ba32006c') in 0.095267 seconds
  Import took 0.139742 seconds .

========================================================================
Received Import Request.
  Time since last request: 352.172460 seconds.
  path: Assets/tilesetOpenGameBackground.png
  artifactKey: Guid(be6546332b265ae4cbcecb233e469ac7) Importer(815301076,1909f56bfc062723c751e8b465ee728b)
Start importing Assets/tilesetOpenGameBackground.png using Guid(be6546332b265ae4cbcecb233e469ac7) Importer(815301076,1909f56bfc062723c751e8b465ee728b)  -> (artifact id: '29698fd21816aaf494e510a0f35c83ec') in 2.699261 seconds
  Import took 2.857587 seconds .

========================================================================
Received Import Request.
  Time since last request: 220.111521 seconds.
  path: ProjectSettings/TagManager.asset
  artifactKey: Guid(00000000000000003000000000000000) Importer(815301076,1909f56bfc062723c751e8b465ee728b)
Start importing ProjectSettings/TagManager.asset using Guid(00000000000000003000000000000000) Importer(815301076,1909f56bfc062723c751e8b465ee728b)  -> (artifact id: '6e5fb33d4831c3e4433a3b6d257c2ea9') in 0.583249 seconds
  Import took 0.640493 seconds .

========================================================================
Received Prepare
Reloading mono domain
Begin MonoManager ReloadAssembly
Registering precompiled unity dll's ...
Register platform support module: C:/Program Files/Unity/Hub/Editor/2020.2.0b8/Editor/Data/PlaybackEngines/WindowsStandaloneSupport/UnityEditor.WindowsStandalone.Extensions.dll
Registered in 0.009385 seconds.
Symbol file LoadedFromMemory doesn't match image C:\Users\histo\Documents\GitHub\ozzysQuestArcade\Library\PackageCache\com.unity.ext.nunit@1.0.0\net35\unity-custom\nunit.framework.dll
Native extension for WindowsStandalone target not found
Refreshing native plugins compatible for Editor in 60.52 ms, found 0 plugins.
Preloading 0 native plugins for Editor in 0.00 ms.
Invoked RoslynAnalysisRunner static constructor.
RoslynAnalysisRunner will not be running.
RoslynAnalysisRunner has terminated.
Mono: successfully reloaded assembly
- Completed reload, in  3.400 seconds
Platform modules already initialized, skipping
Registering precompiled user dll's ...
Registered in 0.001917 seconds.
Begin MonoManager ReloadAssembly
Symbol file LoadedFromMemory doesn't match image C:\Users\histo\Documents\GitHub\ozzysQuestArcade\Library\PackageCache\com.unity.ext.nunit@1.0.0\net35\unity-custom\nunit.framework.dll
Native extension for WindowsStandalone target not found
Refreshing native plugins compatible for Editor in 0.36 ms, found 0 plugins.
Preloading 0 native plugins for Editor in 0.00 ms.
Invoked RoslynAnalysisRunner static constructor.
RoslynAnalysisRunner will not be running.
RoslynAnalysisRunner has terminated.
Mono: successfully reloaded assembly
- Completed reload, in  2.194 seconds
Platform modules already initialized, skipping
Refreshing native plugins compatible for Editor in 0.37 ms, found 0 plugins.
Preloading 0 native plugins for Editor in 0.00 ms.
Unloading 8 Unused Serialized files (Serialized files now loaded: 0)
System memory in use before: 39.8 MB.
System memory in use after: 39.9 MB.

Unloading 5 unused Assets to reduce memory usage. Loaded Objects now: 1623.
Total: 4.666100 ms (FindLiveObjects: 0.567600 ms CreateObjectMapping: 0.097800 ms MarkObjects: 3.908400 ms  DeleteObjects: 0.088100 ms)

========================================================================
Received Import Request.
  Time since last request: 1143.684842 seconds.
  path: Assets/CharacterController2D.cs
  artifactKey: Guid(8d6a822499978434bbf330005529d6da) Importer(815301076,1909f56bfc062723c751e8b465ee728b)
Start importing Assets/CharacterController2D.cs using Guid(8d6a822499978434bbf330005529d6da) Importer(815301076,1909f56bfc062723c751e8b465ee728b)  -> (artifact id: '49056034606a687be1235f26e558ce80') in 0.101077 seconds
  Import took 0.106739 seconds .

========================================================================
Received Import Request.
  Time since last request: 0.000817 seconds.
  path: Assets/PlayerMovement.cs
  artifactKey: Guid(38c7741518d783e47a31dba930057f15) Importer(815301076,1909f56bfc062723c751e8b465ee728b)
Start importing Assets/PlayerMovement.cs using Guid(38c7741518d783e47a31dba930057f15) Importer(815301076,1909f56bfc062723c751e8b465ee728b)  -> (artifact id: '63098693e9d460b489018f3871626a60') in 0.068299 seconds
  Import took 0.074047 seconds .

AssetImportWorkerClient::OnTransportError - code=2 error=End of file
